The system is: Windows - 10.0.19045 - AMD64
Compiling the C compiler identification source file "CMakeCCompilerId.c" succeeded.
Compiler:  
Build flags: 
Id flags:  

The output was:
0
MSBuild version 17.3.1+2badb37d1 for .NET Framework
Build started 02/11/2022 19:37:52.
Project "D:\prog\intro\music\WaveSabre\build\CMakeFiles\3.24.3\CompilerIdC\CompilerIdC.vcxproj" on node 1 (default targets).
PrepareForBuild:
  Creating directory "Debug\".
  Creating directory "Debug\CompilerIdC.tlog\".
InitializeBuildStatus:
  Creating "Debug\CompilerIdC.tlog\unsuccessfulbuild" because "AlwaysCreate" was specified.
ClCompile:
  C:\Program Files\Microsoft Visual Studio\2022\Community\VC\Tools\MSVC\14.33.31629\bin\HostX64\x64\CL.exe /c /nologo /W0 /WX- /diagnostics:column /Od /D _MBCS /Gm- /EHsc /RTC1 /MDd /GS /fp:precise /Zc:wchar_t /Zc:forScope /Zc:inline /Fo"Debug\\" /Fd"Debug\vc143.pdb" /external:W0 /Gd /TC /FC /errorReport:queue CMakeCCompilerId.c
  CMakeCCompilerId.c
Link:
  C:\Program Files\Microsoft Visual Studio\2022\Community\VC\Tools\MSVC\14.33.31629\bin\HostX64\x64\link.exe /ERRORREPORT:QUEUE /OUT:".\CompilerIdC.exe" /INCREMENTAL:NO /NOLOGO kernel32.lib user32.lib gdi32.lib winspool.lib comdlg32.lib advapi32.lib shell32.lib ole32.lib oleaut32.lib uuid.lib odbc32.lib odbccp32.lib /MANIFEST /MANIFESTUAC:"level='asInvoker' uiAccess='false'" /manifest:embed /PDB:".\CompilerIdC.pdb" /SUBSYSTEM:CONSOLE /TLBID:1 /DYNAMICBASE /NXCOMPAT /IMPLIB:".\CompilerIdC.lib" /MACHINE:X64 Debug\CMakeCCompilerId.obj
  CompilerIdC.vcxproj -> D:\prog\intro\music\WaveSabre\build\CMakeFiles\3.24.3\CompilerIdC\CompilerIdC.exe
PostBuildEvent:
  for %%i in (cl.exe) do @echo CMAKE_C_COMPILER=%%~$PATH:i
  :VCEnd
  CMAKE_C_COMPILER=C:\Program Files\Microsoft Visual Studio\2022\Community\VC\Tools\MSVC\14.33.31629\bin\Hostx64\x64\cl.exe
FinalizeBuildStatus:
  Deleting file "Debug\CompilerIdC.tlog\unsuccessfulbuild".
  Touching "Debug\CompilerIdC.tlog\CompilerIdC.lastbuildstate".
Done Building Project "D:\prog\intro\music\WaveSabre\build\CMakeFiles\3.24.3\CompilerIdC\CompilerIdC.vcxproj" (default targets).

Build succeeded.
    0 Warning(s)
    0 Error(s)

Time Elapsed 00:00:00.78


Compilation of the C compiler identification source "CMakeCCompilerId.c" produced "CompilerIdC.exe"

Compilation of the C compiler identification source "CMakeCCompilerId.c" produced "CompilerIdC.vcxproj"

The C compiler identification is MSVC, found in "D:/prog/intro/music/WaveSabre/build/CMakeFiles/3.24.3/CompilerIdC/CompilerIdC.exe"

Compiling the CXX compiler identification source file "CMakeCXXCompilerId.cpp" succeeded.
Compiler:  
Build flags: 
Id flags:  

The output was:
0
MSBuild version 17.3.1+2badb37d1 for .NET Framework
Build started 02/11/2022 19:37:53.
Project "D:\prog\intro\music\WaveSabre\build\CMakeFiles\3.24.3\CompilerIdCXX\CompilerIdCXX.vcxproj" on node 1 (default targets).
PrepareForBuild:
  Creating directory "Debug\".
  Creating directory "Debug\CompilerIdCXX.tlog\".
InitializeBuildStatus:
  Creating "Debug\CompilerIdCXX.tlog\unsuccessfulbuild" because "AlwaysCreate" was specified.
ClCompile:
  C:\Program Files\Microsoft Visual Studio\2022\Community\VC\Tools\MSVC\14.33.31629\bin\HostX64\x64\CL.exe /c /nologo /W0 /WX- /diagnostics:column /Od /D _MBCS /Gm- /EHsc /RTC1 /MDd /GS /fp:precise /Zc:wchar_t /Zc:forScope /Zc:inline /Fo"Debug\\" /Fd"Debug\vc143.pdb" /external:W0 /Gd /TP /FC /errorReport:queue CMakeCXXCompilerId.cpp
  CMakeCXXCompilerId.cpp
Link:
  C:\Program Files\Microsoft Visual Studio\2022\Community\VC\Tools\MSVC\14.33.31629\bin\HostX64\x64\link.exe /ERRORREPORT:QUEUE /OUT:".\CompilerIdCXX.exe" /INCREMENTAL:NO /NOLOGO kernel32.lib user32.lib gdi32.lib winspool.lib comdlg32.lib advapi32.lib shell32.lib ole32.lib oleaut32.lib uuid.lib odbc32.lib odbccp32.lib /MANIFEST /MANIFESTUAC:"level='asInvoker' uiAccess='false'" /manifest:embed /PDB:".\CompilerIdCXX.pdb" /SUBSYSTEM:CONSOLE /TLBID:1 /DYNAMICBASE /NXCOMPAT /IMPLIB:".\CompilerIdCXX.lib" /MACHINE:X64 Debug\CMakeCXXCompilerId.obj
  CompilerIdCXX.vcxproj -> D:\prog\intro\music\WaveSabre\build\CMakeFiles\3.24.3\CompilerIdCXX\CompilerIdCXX.exe
PostBuildEvent:
  for %%i in (cl.exe) do @echo CMAKE_CXX_COMPILER=%%~$PATH:i
  :VCEnd
  CMAKE_CXX_COMPILER=C:\Program Files\Microsoft Visual Studio\2022\Community\VC\Tools\MSVC\14.33.31629\bin\Hostx64\x64\cl.exe
FinalizeBuildStatus:
  Deleting file "Debug\CompilerIdCXX.tlog\unsuccessfulbuild".
  Touching "Debug\CompilerIdCXX.tlog\CompilerIdCXX.lastbuildstate".
Done Building Project "D:\prog\intro\music\WaveSabre\build\CMakeFiles\3.24.3\CompilerIdCXX\CompilerIdCXX.vcxproj" (default targets).

Build succeeded.
    0 Warning(s)
    0 Error(s)

Time Elapsed 00:00:00.44


Compilation of the CXX compiler identification source "CMakeCXXCompilerId.cpp" produced "CompilerIdCXX.exe"

Compilation of the CXX compiler identification source "CMakeCXXCompilerId.cpp" produced "CompilerIdCXX.vcxproj"

The CXX compiler identification is MSVC, found in "D:/prog/intro/music/WaveSabre/build/CMakeFiles/3.24.3/CompilerIdCXX/CompilerIdCXX.exe"

Compiling the CSharp compiler identification source file "CMakeCSharpCompilerId.cs" succeeded.
Compiler:  
Build flags: 
Id flags:  

The output was:
0
MSBuild version 17.3.1+2badb37d1 for .NET Framework
Build started 02/11/2022 19:37:54.
Project "D:\prog\intro\music\WaveSabre\build\CMakeFiles\3.24.3\CompilerIdCSharp\CompilerIdCSharp.csproj" on node 1 (default targets).
PrepareForBuild:
  Creating directory "obj\x64\Debug\".
GenerateBindingRedirects:
  No suggested binding redirects from ResolveAssemblyReferences.
CoreCompile:
  C:\Program Files\Microsoft Visual Studio\2022\Community\MSBuild\Current\Bin\Roslyn\csc.exe /noconfig /nowarn:1701,1702 /fullpaths /nostdlib+ /platform:anycpu32bitpreferred /define:Platformx64;PlatformToolsetv143 /highentropyva+ /reference:"C:\Program Files (x86)\Reference Assemblies\Microsoft\Framework\.NETFramework\v4.7.2\mscorlib.dll" /reference:"C:\Program Files (x86)\Reference Assemblies\Microsoft\Framework\.NETFramework\v4.7.2\System.Core.dll" /debug+ /out:obj\x64\Debug\CompilerIdCSharp.exe /subsystemversion:6.00 /target:exe /utf8output /langversion:7.3 CMakeCSharpCompilerId.cs "obj\x64\Debug\.NETFramework,Version=v4.7.2.AssemblyAttributes.cs"
  CompilerServer: server - server processed compilation - 125fac4f-fcd6-4943-a265-1d881027210e
CopyFilesToOutputDirectory:
  Copying file from "D:\prog\intro\music\WaveSabre\build\CMakeFiles\3.24.3\CompilerIdCSharp\obj\x64\Debug\CompilerIdCSharp.exe" to "D:\prog\intro\music\WaveSabre\build\CMakeFiles\3.24.3\CompilerIdCSharp\CompilerIdCSharp.exe".
  CompilerIdCSharp -> D:\prog\intro\music\WaveSabre\build\CMakeFiles\3.24.3\CompilerIdCSharp\CompilerIdCSharp.exe
  Copying file from "D:\prog\intro\music\WaveSabre\build\CMakeFiles\3.24.3\CompilerIdCSharp\obj\x64\Debug\CompilerIdCSharp.pdb" to "D:\prog\intro\music\WaveSabre\build\CMakeFiles\3.24.3\CompilerIdCSharp\CompilerIdCSharp.pdb".
PostBuildEvent:
  if not "C:\Program Files\Microsoft Visual Studio\2022\Community\MSBuild\Current\Bin\Roslyn"=="" if exist "C:\Program Files\Microsoft Visual Studio\2022\Community\MSBuild\Current\Bin\Roslyn\csc.exe" set _CSC=C:\Program Files\Microsoft Visual Studio\2022\Community\MSBuild\Current\Bin\Roslyn
  if exist "C:\Program Files\Microsoft Visual Studio\2022\Community\MSBuild\Current\Bin\amd64\csc.exe" set _CSC=C:\Program Files\Microsoft Visual Studio\2022\Community\MSBuild\Current\Bin\amd64
  if "%_CSC%"=="" exit -1
  @echo CMAKE_CSharp_COMPILER=%_CSC%\csc.exe
  CMAKE_CSharp_COMPILER=C:\Program Files\Microsoft Visual Studio\2022\Community\MSBuild\Current\Bin\Roslyn\csc.exe
Done Building Project "D:\prog\intro\music\WaveSabre\build\CMakeFiles\3.24.3\CompilerIdCSharp\CompilerIdCSharp.csproj" (default targets).

Build succeeded.
    0 Warning(s)
    0 Error(s)

Time Elapsed 00:00:00.91


Compilation of the CSharp compiler identification source "CMakeCSharpCompilerId.cs" produced "CompilerIdCSharp.csproj"

Compilation of the CSharp compiler identification source "CMakeCSharpCompilerId.cs" produced "CompilerIdCSharp.exe"

Compilation of the CSharp compiler identification source "CMakeCSharpCompilerId.cs" produced "CompilerIdCSharp.pdb"

The CSharp compiler identification is Microsoft Visual Studio, found in "D:/prog/intro/music/WaveSabre/build/CMakeFiles/3.24.3/CompilerIdCSharp/CompilerIdCSharp.exe"

Detecting C compiler ABI info compiled with the following output:
Change Dir: D:/prog/intro/music/WaveSabre/build/CMakeFiles/CMakeTmp

Run Build Command(s):C:/Program Files/Microsoft Visual Studio/2022/Community/MSBuild/Current/Bin/amd64/MSBuild.exe cmTC_10c4b.vcxproj /p:Configuration=Debug /p:Platform=x64 /p:VisualStudioVersion=17.0 /v:m && MSBuild version 17.3.1+2badb37d1 for .NET Framework
  Microsoft (R) C/C++ Optimizing Compiler Version 19.33.31630 for x64
  CMakeCCompilerABI.c
  Copyright (C) Microsoft Corporation.  All rights reserved.
  cl /c /Zi /W3 /WX- /diagnostics:column /Od /Ob0 /D _MBCS /D WIN32 /D _WINDOWS /D "CMAKE_INTDIR=\"Debug\"" /Gm- /RTC1 /MDd /GS /fp:precise /Zc:wchar_t /Zc:forScope /Zc:inline /Fo"cmTC_10c4b.dir\Debug\\" /Fd"cmTC_10c4b.dir\Debug\vc143.pdb" /external:W3 /Gd /TC /errorReport:queue "C:\Program Files\CMake\share\cmake-3.24\Modules\CMakeCCompilerABI.c"
  cmTC_10c4b.vcxproj -> D:\prog\intro\music\WaveSabre\build\CMakeFiles\CMakeTmp\Debug\cmTC_10c4b.exe



Detecting CXX compiler ABI info compiled with the following output:
Change Dir: D:/prog/intro/music/WaveSabre/build/CMakeFiles/CMakeTmp

Run Build Command(s):C:/Program Files/Microsoft Visual Studio/2022/Community/MSBuild/Current/Bin/amd64/MSBuild.exe cmTC_55e8a.vcxproj /p:Configuration=Debug /p:Platform=x64 /p:VisualStudioVersion=17.0 /v:m && MSBuild version 17.3.1+2badb37d1 for .NET Framework
  Microsoft (R) C/C++ Optimizing Compiler Version 19.33.31630 for x64
  CMakeCXXCompilerABI.cpp
  Copyright (C) Microsoft Corporation.  All rights reserved.
  cl /c /Zi /W3 /WX- /diagnostics:column /Od /Ob0 /D _MBCS /D WIN32 /D _WINDOWS /D "CMAKE_INTDIR=\"Debug\"" /Gm- /EHsc /RTC1 /MDd /GS /fp:precise /Zc:wchar_t /Zc:forScope /Zc:inline /GR /Fo"cmTC_55e8a.dir\Debug\\" /Fd"cmTC_55e8a.dir\Debug\vc143.pdb" /external:W3 /Gd /TP /errorReport:queue "C:\Program Files\CMake\share\cmake-3.24\Modules\CMakeCXXCompilerABI.cpp"
  cmTC_55e8a.vcxproj -> D:\prog\intro\music\WaveSabre\build\CMakeFiles\CMakeTmp\Debug\cmTC_55e8a.exe



Determining if the C# compiler works passed with the following output:
Change Dir: D:/prog/intro/music/WaveSabre/build/CMakeFiles/CMakeTmp

Run Build Command(s):C:/Program Files/Microsoft Visual Studio/2022/Community/MSBuild/Current/Bin/amd64/MSBuild.exe cmTC_54546.csproj /p:Configuration=Debug /p:Platform=x64 /p:VisualStudioVersion=17.0 /v:m && MSBuild version 17.3.1+2badb37d1 for .NET Framework
  cmTC_54546 -> D:\prog\intro\music\WaveSabre\build\CMakeFiles\CMakeTmp\Debug\cmTC_54546.exe



