d:\prog\intro\music\wavesabre\build\wavesabreplayerlib\minsizerel\wavesabreplayerlib.pdb
d:\prog\intro\music\wavesabre\build\wavesabreplayerlib\wavesabreplayerlib.dir\minsizerel\wavwriter.obj
d:\prog\intro\music\wavesabre\build\wavesabreplayerlib\wavesabreplayerlib.dir\minsizerel\songrenderer.track.obj
d:\prog\intro\music\wavesabre\build\wavesabreplayerlib\wavesabreplayerlib.dir\minsizerel\songrenderer.obj
d:\prog\intro\music\wavesabre\build\wavesabreplayerlib\wavesabreplayerlib.dir\minsizerel\realtimeplayer.obj
d:\prog\intro\music\wavesabre\build\wavesabreplayerlib\wavesabreplayerlib.dir\minsizerel\prerenderplayer.obj
d:\prog\intro\music\wavesabre\build\wavesabreplayerlib\wavesabreplayerlib.dir\minsizerel\iplayer.obj
d:\prog\intro\music\wavesabre\build\wavesabreplayerlib\wavesabreplayerlib.dir\minsizerel\directsoundrenderthread.obj
d:\prog\intro\music\wavesabre\build\wavesabreplayerlib\wavesabreplayerlib.dir\minsizerel\criticalsection.obj
d:\prog\intro\music\wavesabre\build\wavesabreplayerlib\cmakefiles\generate.stamp
d:\prog\intro\music\wavesabre\build\wavesabreplayerlib\minsizerel\wavesabreplayerlib.lib
d:\prog\intro\music\wavesabre\build\wavesabreplayerlib\wavesabreplayerlib.dir\minsizerel\wavesabr.fa1579a4.tlog\cl.command.1.tlog
d:\prog\intro\music\wavesabre\build\wavesabreplayerlib\wavesabreplayerlib.dir\minsizerel\wavesabr.fa1579a4.tlog\cl.read.1.tlog
d:\prog\intro\music\wavesabre\build\wavesabreplayerlib\wavesabreplayerlib.dir\minsizerel\wavesabr.fa1579a4.tlog\cl.write.1.tlog
d:\prog\intro\music\wavesabre\build\wavesabreplayerlib\wavesabreplayerlib.dir\minsizerel\wavesabr.fa1579a4.tlog\custombuild.command.1.tlog
d:\prog\intro\music\wavesabre\build\wavesabreplayerlib\wavesabreplayerlib.dir\minsizerel\wavesabr.fa1579a4.tlog\custombuild.read.1.tlog
d:\prog\intro\music\wavesabre\build\wavesabreplayerlib\wavesabreplayerlib.dir\minsizerel\wavesabr.fa1579a4.tlog\custombuild.write.1.tlog
d:\prog\intro\music\wavesabre\build\wavesabreplayerlib\wavesabreplayerlib.dir\minsizerel\wavesabr.fa1579a4.tlog\lib-link.read.1.tlog
d:\prog\intro\music\wavesabre\build\wavesabreplayerlib\wavesabreplayerlib.dir\minsizerel\wavesabr.fa1579a4.tlog\lib-link.write.1.tlog
d:\prog\intro\music\wavesabre\build\wavesabreplayerlib\wavesabreplayerlib.dir\minsizerel\wavesabr.fa1579a4.tlog\lib.command.1.tlog
