d:\prog\intro\music\wavesabre\build\vsts\thunder.dir\minsizerel\vc142.pdb
d:\prog\intro\music\wavesabre\build\vsts\thunder.dir\minsizerel\thundervst.obj
d:\prog\intro\music\wavesabre\build\vsts\thunder.dir\minsizerel\thundereditor.obj
d:\prog\intro\music\wavesabre\build\vsts\cmakefiles\generate.stamp
d:\prog\intro\music\wavesabre\build\vsts\minsizerel\thunder.dll
d:\prog\intro\music\wavesabre\build\vsts\thunder.dir\minsizerel\thunder.iobj
d:\prog\intro\music\wavesabre\build\vsts\thunder.dir\minsizerel\data.res
d:\prog\intro\music\wavesabre\build\vsts\minsizerel\thunder.lib
d:\prog\intro\music\wavesabre\build\vsts\minsizerel\thunder.exp
d:\prog\intro\music\wavesabre\build\vsts\thunder.dir\minsizerel\thunder.tlog\cl.command.1.tlog
d:\prog\intro\music\wavesabre\build\vsts\thunder.dir\minsizerel\thunder.tlog\cl.read.1.tlog
d:\prog\intro\music\wavesabre\build\vsts\thunder.dir\minsizerel\thunder.tlog\cl.write.1.tlog
d:\prog\intro\music\wavesabre\build\vsts\thunder.dir\minsizerel\thunder.tlog\custombuild.command.1.tlog
d:\prog\intro\music\wavesabre\build\vsts\thunder.dir\minsizerel\thunder.tlog\custombuild.read.1.tlog
d:\prog\intro\music\wavesabre\build\vsts\thunder.dir\minsizerel\thunder.tlog\custombuild.write.1.tlog
d:\prog\intro\music\wavesabre\build\vsts\thunder.dir\minsizerel\thunder.tlog\link.command.1.tlog
d:\prog\intro\music\wavesabre\build\vsts\thunder.dir\minsizerel\thunder.tlog\link.read.1.tlog
d:\prog\intro\music\wavesabre\build\vsts\thunder.dir\minsizerel\thunder.tlog\link.write.1.tlog
d:\prog\intro\music\wavesabre\build\vsts\thunder.dir\minsizerel\thunder.tlog\rc.command.1.tlog
d:\prog\intro\music\wavesabre\build\vsts\thunder.dir\minsizerel\thunder.tlog\rc.read.1.tlog
d:\prog\intro\music\wavesabre\build\vsts\thunder.dir\minsizerel\thunder.tlog\rc.write.1.tlog
d:\prog\intro\music\wavesabre\build\vsts\thunder.dir\minsizerel\thunder.tlog\thunder.write.1u.tlog
