d:\prog\intro\music\wavesabre\build\vsts\crusher.dir\minsizerel\vc142.pdb
d:\prog\intro\music\wavesabre\build\vsts\crusher.dir\minsizerel\crushervst.obj
d:\prog\intro\music\wavesabre\build\vsts\crusher.dir\minsizerel\crushereditor.obj
d:\prog\intro\music\wavesabre\build\vsts\minsizerel\crusher.lib
d:\prog\intro\music\wavesabre\build\vsts\minsizerel\crusher.exp
d:\prog\intro\music\wavesabre\build\vsts\cmakefiles\generate.stamp
d:\prog\intro\music\wavesabre\build\vsts\minsizerel\crusher.dll
d:\prog\intro\music\wavesabre\build\vsts\crusher.dir\minsizerel\crusher.iobj
d:\prog\intro\music\wavesabre\build\vsts\crusher.dir\minsizerel\data.res
d:\prog\intro\music\wavesabre\build\vsts\crusher.dir\minsizerel\crusher.tlog\cl.command.1.tlog
d:\prog\intro\music\wavesabre\build\vsts\crusher.dir\minsizerel\crusher.tlog\cl.read.1.tlog
d:\prog\intro\music\wavesabre\build\vsts\crusher.dir\minsizerel\crusher.tlog\cl.write.1.tlog
d:\prog\intro\music\wavesabre\build\vsts\crusher.dir\minsizerel\crusher.tlog\crusher.write.1u.tlog
d:\prog\intro\music\wavesabre\build\vsts\crusher.dir\minsizerel\crusher.tlog\custombuild.command.1.tlog
d:\prog\intro\music\wavesabre\build\vsts\crusher.dir\minsizerel\crusher.tlog\custombuild.read.1.tlog
d:\prog\intro\music\wavesabre\build\vsts\crusher.dir\minsizerel\crusher.tlog\custombuild.write.1.tlog
d:\prog\intro\music\wavesabre\build\vsts\crusher.dir\minsizerel\crusher.tlog\link.command.1.tlog
d:\prog\intro\music\wavesabre\build\vsts\crusher.dir\minsizerel\crusher.tlog\link.read.1.tlog
d:\prog\intro\music\wavesabre\build\vsts\crusher.dir\minsizerel\crusher.tlog\link.write.1.tlog
d:\prog\intro\music\wavesabre\build\vsts\crusher.dir\minsizerel\crusher.tlog\rc.command.1.tlog
d:\prog\intro\music\wavesabre\build\vsts\crusher.dir\minsizerel\crusher.tlog\rc.read.1.tlog
d:\prog\intro\music\wavesabre\build\vsts\crusher.dir\minsizerel\crusher.tlog\rc.write.1.tlog
