d:\prog\intro\music\wavesabre\build\vsts\falcon.dir\minsizerel\vc142.pdb
d:\prog\intro\music\wavesabre\build\vsts\falcon.dir\minsizerel\falconvst.obj
d:\prog\intro\music\wavesabre\build\vsts\falcon.dir\minsizerel\falconeditor.obj
d:\prog\intro\music\wavesabre\build\vsts\cmakefiles\generate.stamp
d:\prog\intro\music\wavesabre\build\vsts\minsizerel\falcon.lib
d:\prog\intro\music\wavesabre\build\vsts\minsizerel\falcon.exp
d:\prog\intro\music\wavesabre\build\vsts\minsizerel\falcon.dll
d:\prog\intro\music\wavesabre\build\vsts\falcon.dir\minsizerel\falcon.iobj
d:\prog\intro\music\wavesabre\build\vsts\falcon.dir\minsizerel\data.res
d:\prog\intro\music\wavesabre\build\vsts\falcon.dir\minsizerel\falcon.tlog\cl.command.1.tlog
d:\prog\intro\music\wavesabre\build\vsts\falcon.dir\minsizerel\falcon.tlog\cl.read.1.tlog
d:\prog\intro\music\wavesabre\build\vsts\falcon.dir\minsizerel\falcon.tlog\cl.write.1.tlog
d:\prog\intro\music\wavesabre\build\vsts\falcon.dir\minsizerel\falcon.tlog\custombuild.command.1.tlog
d:\prog\intro\music\wavesabre\build\vsts\falcon.dir\minsizerel\falcon.tlog\custombuild.read.1.tlog
d:\prog\intro\music\wavesabre\build\vsts\falcon.dir\minsizerel\falcon.tlog\custombuild.write.1.tlog
d:\prog\intro\music\wavesabre\build\vsts\falcon.dir\minsizerel\falcon.tlog\falcon.write.1u.tlog
d:\prog\intro\music\wavesabre\build\vsts\falcon.dir\minsizerel\falcon.tlog\link.command.1.tlog
d:\prog\intro\music\wavesabre\build\vsts\falcon.dir\minsizerel\falcon.tlog\link.read.1.tlog
d:\prog\intro\music\wavesabre\build\vsts\falcon.dir\minsizerel\falcon.tlog\link.write.1.tlog
d:\prog\intro\music\wavesabre\build\vsts\falcon.dir\minsizerel\falcon.tlog\rc.command.1.tlog
d:\prog\intro\music\wavesabre\build\vsts\falcon.dir\minsizerel\falcon.tlog\rc.read.1.tlog
d:\prog\intro\music\wavesabre\build\vsts\falcon.dir\minsizerel\falcon.tlog\rc.write.1.tlog
