d:\prog\intro\music\wavesabre\build\vsts\scissor.dir\minsizerel\vc142.pdb
d:\prog\intro\music\wavesabre\build\vsts\scissor.dir\minsizerel\scissorvst.obj
d:\prog\intro\music\wavesabre\build\vsts\scissor.dir\minsizerel\scissoreditor.obj
d:\prog\intro\music\wavesabre\build\vsts\cmakefiles\generate.stamp
d:\prog\intro\music\wavesabre\build\vsts\minsizerel\scissor.dll
d:\prog\intro\music\wavesabre\build\vsts\scissor.dir\minsizerel\scissor.iobj
d:\prog\intro\music\wavesabre\build\vsts\scissor.dir\minsizerel\data.res
d:\prog\intro\music\wavesabre\build\vsts\minsizerel\scissor.lib
d:\prog\intro\music\wavesabre\build\vsts\minsizerel\scissor.exp
d:\prog\intro\music\wavesabre\build\vsts\scissor.dir\minsizerel\scissor.tlog\cl.command.1.tlog
d:\prog\intro\music\wavesabre\build\vsts\scissor.dir\minsizerel\scissor.tlog\cl.read.1.tlog
d:\prog\intro\music\wavesabre\build\vsts\scissor.dir\minsizerel\scissor.tlog\cl.write.1.tlog
d:\prog\intro\music\wavesabre\build\vsts\scissor.dir\minsizerel\scissor.tlog\custombuild.command.1.tlog
d:\prog\intro\music\wavesabre\build\vsts\scissor.dir\minsizerel\scissor.tlog\custombuild.read.1.tlog
d:\prog\intro\music\wavesabre\build\vsts\scissor.dir\minsizerel\scissor.tlog\custombuild.write.1.tlog
d:\prog\intro\music\wavesabre\build\vsts\scissor.dir\minsizerel\scissor.tlog\link.command.1.tlog
d:\prog\intro\music\wavesabre\build\vsts\scissor.dir\minsizerel\scissor.tlog\link.read.1.tlog
d:\prog\intro\music\wavesabre\build\vsts\scissor.dir\minsizerel\scissor.tlog\link.write.1.tlog
d:\prog\intro\music\wavesabre\build\vsts\scissor.dir\minsizerel\scissor.tlog\rc.command.1.tlog
d:\prog\intro\music\wavesabre\build\vsts\scissor.dir\minsizerel\scissor.tlog\rc.read.1.tlog
d:\prog\intro\music\wavesabre\build\vsts\scissor.dir\minsizerel\scissor.tlog\rc.write.1.tlog
d:\prog\intro\music\wavesabre\build\vsts\scissor.dir\minsizerel\scissor.tlog\scissor.write.1u.tlog
