d:\prog\intro\music\wavesabre\build\vsts\minsizerel\chamber.lib
d:\prog\intro\music\wavesabre\build\vsts\minsizerel\chamber.exp
d:\prog\intro\music\wavesabre\build\vsts\chamber.dir\minsizerel\vc142.pdb
d:\prog\intro\music\wavesabre\build\vsts\chamber.dir\minsizerel\chambervst.obj
d:\prog\intro\music\wavesabre\build\vsts\chamber.dir\minsizerel\chambereditor.obj
d:\prog\intro\music\wavesabre\build\vsts\cmakefiles\generate.stamp
d:\prog\intro\music\wavesabre\build\vsts\minsizerel\chamber.dll
d:\prog\intro\music\wavesabre\build\vsts\chamber.dir\minsizerel\chamber.iobj
d:\prog\intro\music\wavesabre\build\vsts\chamber.dir\minsizerel\data.res
d:\prog\intro\music\wavesabre\build\vsts\chamber.dir\minsizerel\chamber.tlog\chamber.write.1u.tlog
d:\prog\intro\music\wavesabre\build\vsts\chamber.dir\minsizerel\chamber.tlog\cl.command.1.tlog
d:\prog\intro\music\wavesabre\build\vsts\chamber.dir\minsizerel\chamber.tlog\cl.read.1.tlog
d:\prog\intro\music\wavesabre\build\vsts\chamber.dir\minsizerel\chamber.tlog\cl.write.1.tlog
d:\prog\intro\music\wavesabre\build\vsts\chamber.dir\minsizerel\chamber.tlog\custombuild.command.1.tlog
d:\prog\intro\music\wavesabre\build\vsts\chamber.dir\minsizerel\chamber.tlog\custombuild.read.1.tlog
d:\prog\intro\music\wavesabre\build\vsts\chamber.dir\minsizerel\chamber.tlog\custombuild.write.1.tlog
d:\prog\intro\music\wavesabre\build\vsts\chamber.dir\minsizerel\chamber.tlog\link.command.1.tlog
d:\prog\intro\music\wavesabre\build\vsts\chamber.dir\minsizerel\chamber.tlog\link.read.1.tlog
d:\prog\intro\music\wavesabre\build\vsts\chamber.dir\minsizerel\chamber.tlog\link.write.1.tlog
d:\prog\intro\music\wavesabre\build\vsts\chamber.dir\minsizerel\chamber.tlog\rc.command.1.tlog
d:\prog\intro\music\wavesabre\build\vsts\chamber.dir\minsizerel\chamber.tlog\rc.read.1.tlog
d:\prog\intro\music\wavesabre\build\vsts\chamber.dir\minsizerel\chamber.tlog\rc.write.1.tlog
