d:\prog\intro\music\wavesabre\build\vsts\smasher.dir\minsizerel\vc142.pdb
d:\prog\intro\music\wavesabre\build\vsts\smasher.dir\minsizerel\smashervst.obj
d:\prog\intro\music\wavesabre\build\vsts\smasher.dir\minsizerel\smashereditor.obj
d:\prog\intro\music\wavesabre\build\vsts\cmakefiles\generate.stamp
d:\prog\intro\music\wavesabre\build\vsts\minsizerel\smasher.dll
d:\prog\intro\music\wavesabre\build\vsts\smasher.dir\minsizerel\smasher.iobj
d:\prog\intro\music\wavesabre\build\vsts\smasher.dir\minsizerel\data.res
d:\prog\intro\music\wavesabre\build\vsts\minsizerel\smasher.lib
d:\prog\intro\music\wavesabre\build\vsts\minsizerel\smasher.exp
d:\prog\intro\music\wavesabre\build\vsts\smasher.dir\minsizerel\smasher.tlog\cl.command.1.tlog
d:\prog\intro\music\wavesabre\build\vsts\smasher.dir\minsizerel\smasher.tlog\cl.read.1.tlog
d:\prog\intro\music\wavesabre\build\vsts\smasher.dir\minsizerel\smasher.tlog\cl.write.1.tlog
d:\prog\intro\music\wavesabre\build\vsts\smasher.dir\minsizerel\smasher.tlog\custombuild.command.1.tlog
d:\prog\intro\music\wavesabre\build\vsts\smasher.dir\minsizerel\smasher.tlog\custombuild.read.1.tlog
d:\prog\intro\music\wavesabre\build\vsts\smasher.dir\minsizerel\smasher.tlog\custombuild.write.1.tlog
d:\prog\intro\music\wavesabre\build\vsts\smasher.dir\minsizerel\smasher.tlog\link.command.1.tlog
d:\prog\intro\music\wavesabre\build\vsts\smasher.dir\minsizerel\smasher.tlog\link.read.1.tlog
d:\prog\intro\music\wavesabre\build\vsts\smasher.dir\minsizerel\smasher.tlog\link.write.1.tlog
d:\prog\intro\music\wavesabre\build\vsts\smasher.dir\minsizerel\smasher.tlog\rc.command.1.tlog
d:\prog\intro\music\wavesabre\build\vsts\smasher.dir\minsizerel\smasher.tlog\rc.read.1.tlog
d:\prog\intro\music\wavesabre\build\vsts\smasher.dir\minsizerel\smasher.tlog\rc.write.1.tlog
d:\prog\intro\music\wavesabre\build\vsts\smasher.dir\minsizerel\smasher.tlog\smasher.write.1u.tlog
