d:\prog\intro\music\wavesabre\build\vsts\slaughter.dir\minsizerel\vc142.pdb
d:\prog\intro\music\wavesabre\build\vsts\slaughter.dir\minsizerel\slaughtervst.obj
d:\prog\intro\music\wavesabre\build\vsts\slaughter.dir\minsizerel\slaughtereditor.obj
d:\prog\intro\music\wavesabre\build\vsts\cmakefiles\generate.stamp
d:\prog\intro\music\wavesabre\build\vsts\minsizerel\slaughter.dll
d:\prog\intro\music\wavesabre\build\vsts\slaughter.dir\minsizerel\slaughter.iobj
d:\prog\intro\music\wavesabre\build\vsts\slaughter.dir\minsizerel\data.res
d:\prog\intro\music\wavesabre\build\vsts\minsizerel\slaughter.lib
d:\prog\intro\music\wavesabre\build\vsts\minsizerel\slaughter.exp
d:\prog\intro\music\wavesabre\build\vsts\slaughter.dir\minsizerel\slaughter.tlog\cl.command.1.tlog
d:\prog\intro\music\wavesabre\build\vsts\slaughter.dir\minsizerel\slaughter.tlog\cl.read.1.tlog
d:\prog\intro\music\wavesabre\build\vsts\slaughter.dir\minsizerel\slaughter.tlog\cl.write.1.tlog
d:\prog\intro\music\wavesabre\build\vsts\slaughter.dir\minsizerel\slaughter.tlog\custombuild.command.1.tlog
d:\prog\intro\music\wavesabre\build\vsts\slaughter.dir\minsizerel\slaughter.tlog\custombuild.read.1.tlog
d:\prog\intro\music\wavesabre\build\vsts\slaughter.dir\minsizerel\slaughter.tlog\custombuild.write.1.tlog
d:\prog\intro\music\wavesabre\build\vsts\slaughter.dir\minsizerel\slaughter.tlog\link.command.1.tlog
d:\prog\intro\music\wavesabre\build\vsts\slaughter.dir\minsizerel\slaughter.tlog\link.read.1.tlog
d:\prog\intro\music\wavesabre\build\vsts\slaughter.dir\minsizerel\slaughter.tlog\link.write.1.tlog
d:\prog\intro\music\wavesabre\build\vsts\slaughter.dir\minsizerel\slaughter.tlog\rc.command.1.tlog
d:\prog\intro\music\wavesabre\build\vsts\slaughter.dir\minsizerel\slaughter.tlog\rc.read.1.tlog
d:\prog\intro\music\wavesabre\build\vsts\slaughter.dir\minsizerel\slaughter.tlog\rc.write.1.tlog
d:\prog\intro\music\wavesabre\build\vsts\slaughter.dir\minsizerel\slaughter.tlog\slaughter.write.1u.tlog
