d:\prog\intro\music\wavesabre\build\vsts\leveller.dir\minsizerel\vc142.pdb
d:\prog\intro\music\wavesabre\build\vsts\leveller.dir\minsizerel\levellervst.obj
d:\prog\intro\music\wavesabre\build\vsts\leveller.dir\minsizerel\levellereditor.obj
d:\prog\intro\music\wavesabre\build\vsts\cmakefiles\generate.stamp
d:\prog\intro\music\wavesabre\build\vsts\minsizerel\leveller.lib
d:\prog\intro\music\wavesabre\build\vsts\minsizerel\leveller.exp
d:\prog\intro\music\wavesabre\build\vsts\minsizerel\leveller.dll
d:\prog\intro\music\wavesabre\build\vsts\leveller.dir\minsizerel\leveller.iobj
d:\prog\intro\music\wavesabre\build\vsts\leveller.dir\minsizerel\data.res
d:\prog\intro\music\wavesabre\build\vsts\leveller.dir\minsizerel\leveller.tlog\cl.command.1.tlog
d:\prog\intro\music\wavesabre\build\vsts\leveller.dir\minsizerel\leveller.tlog\cl.read.1.tlog
d:\prog\intro\music\wavesabre\build\vsts\leveller.dir\minsizerel\leveller.tlog\cl.write.1.tlog
d:\prog\intro\music\wavesabre\build\vsts\leveller.dir\minsizerel\leveller.tlog\custombuild.command.1.tlog
d:\prog\intro\music\wavesabre\build\vsts\leveller.dir\minsizerel\leveller.tlog\custombuild.read.1.tlog
d:\prog\intro\music\wavesabre\build\vsts\leveller.dir\minsizerel\leveller.tlog\custombuild.write.1.tlog
d:\prog\intro\music\wavesabre\build\vsts\leveller.dir\minsizerel\leveller.tlog\leveller.write.1u.tlog
d:\prog\intro\music\wavesabre\build\vsts\leveller.dir\minsizerel\leveller.tlog\link.command.1.tlog
d:\prog\intro\music\wavesabre\build\vsts\leveller.dir\minsizerel\leveller.tlog\link.read.1.tlog
d:\prog\intro\music\wavesabre\build\vsts\leveller.dir\minsizerel\leveller.tlog\link.write.1.tlog
d:\prog\intro\music\wavesabre\build\vsts\leveller.dir\minsizerel\leveller.tlog\rc.command.1.tlog
d:\prog\intro\music\wavesabre\build\vsts\leveller.dir\minsizerel\leveller.tlog\rc.read.1.tlog
d:\prog\intro\music\wavesabre\build\vsts\leveller.dir\minsizerel\leveller.tlog\rc.write.1.tlog
