d:\prog\intro\music\wavesabre\build\wavesabrecore\minsizerel\wavesabrecore.pdb
d:\prog\intro\music\wavesabre\build\wavesabrecore\wavesabrecore.dir\minsizerel\sampleplayer.obj
d:\prog\intro\music\wavesabre\build\wavesabrecore\wavesabrecore.dir\minsizerel\resamplebuffer.obj
d:\prog\intro\music\wavesabre\build\wavesabrecore\wavesabrecore.dir\minsizerel\mxcsrflagguard.obj
d:\prog\intro\music\wavesabre\build\wavesabrecore\wavesabrecore.dir\minsizerel\leveller.obj
d:\prog\intro\music\wavesabre\build\wavesabrecore\wavesabrecore.dir\minsizerel\helpers.obj
d:\prog\intro\music\wavesabre\build\wavesabrecore\wavesabrecore.dir\minsizerel\gsmsample.obj
d:\prog\intro\music\wavesabre\build\wavesabrecore\wavesabrecore.dir\minsizerel\gmdls.obj
d:\prog\intro\music\wavesabre\build\wavesabrecore\wavesabrecore.dir\minsizerel\falcon.obj
d:\prog\intro\music\wavesabre\build\wavesabrecore\wavesabrecore.dir\minsizerel\envelope.obj
d:\prog\intro\music\wavesabre\build\wavesabrecore\wavesabrecore.dir\minsizerel\echo.obj
d:\prog\intro\music\wavesabre\build\wavesabrecore\wavesabrecore.dir\minsizerel\device.obj
d:\prog\intro\music\wavesabre\build\wavesabrecore\wavesabrecore.dir\minsizerel\delaybuffer.obj
d:\prog\intro\music\wavesabre\build\wavesabrecore\wavesabrecore.dir\minsizerel\crusher.obj
d:\prog\intro\music\wavesabre\build\wavesabrecore\wavesabrecore.dir\minsizerel\comb.obj
d:\prog\intro\music\wavesabre\build\wavesabrecore\wavesabrecore.dir\minsizerel\chamber.obj
d:\prog\intro\music\wavesabre\build\wavesabrecore\wavesabrecore.dir\minsizerel\cathedral.obj
d:\prog\intro\music\wavesabre\build\wavesabrecore\wavesabrecore.dir\minsizerel\biquadfilter.obj
d:\prog\intro\music\wavesabre\build\wavesabrecore\wavesabrecore.dir\minsizerel\allpassdelay.obj
d:\prog\intro\music\wavesabre\build\wavesabrecore\wavesabrecore.dir\minsizerel\allpass.obj
d:\prog\intro\music\wavesabre\build\wavesabrecore\wavesabrecore.dir\minsizerel\adultery.obj
d:\prog\intro\music\wavesabre\build\wavesabrecore\wavesabrecore.dir\minsizerel\thunder.obj
d:\prog\intro\music\wavesabre\build\wavesabrecore\wavesabrecore.dir\minsizerel\twister.obj
d:\prog\intro\music\wavesabre\build\wavesabrecore\wavesabrecore.dir\minsizerel\synthdevice.obj
d:\prog\intro\music\wavesabre\build\wavesabrecore\wavesabrecore.dir\minsizerel\statevariablefilter.obj
d:\prog\intro\music\wavesabre\build\wavesabrecore\wavesabrecore.dir\minsizerel\specimen.obj
d:\prog\intro\music\wavesabre\build\wavesabrecore\wavesabrecore.dir\minsizerel\smasher.obj
d:\prog\intro\music\wavesabre\build\wavesabrecore\wavesabrecore.dir\minsizerel\slaughter.obj
d:\prog\intro\music\wavesabre\build\wavesabrecore\wavesabrecore.dir\minsizerel\scissor.obj
d:\prog\intro\music\wavesabre\build\wavesabrecore\cmakefiles\generate.stamp
d:\prog\intro\music\wavesabre\build\wavesabrecore\minsizerel\wavesabrecore.lib
d:\prog\intro\music\wavesabre\build\wavesabrecore\wavesabrecore.dir\minsizerel\wavesabrecore.tlog\cl.command.1.tlog
d:\prog\intro\music\wavesabre\build\wavesabrecore\wavesabrecore.dir\minsizerel\wavesabrecore.tlog\cl.read.1.tlog
d:\prog\intro\music\wavesabre\build\wavesabrecore\wavesabrecore.dir\minsizerel\wavesabrecore.tlog\cl.write.1.tlog
d:\prog\intro\music\wavesabre\build\wavesabrecore\wavesabrecore.dir\minsizerel\wavesabrecore.tlog\custombuild.command.1.tlog
d:\prog\intro\music\wavesabre\build\wavesabrecore\wavesabrecore.dir\minsizerel\wavesabrecore.tlog\custombuild.read.1.tlog
d:\prog\intro\music\wavesabre\build\wavesabrecore\wavesabrecore.dir\minsizerel\wavesabrecore.tlog\custombuild.write.1.tlog
d:\prog\intro\music\wavesabre\build\wavesabrecore\wavesabrecore.dir\minsizerel\wavesabrecore.tlog\lib-link.read.1.tlog
d:\prog\intro\music\wavesabre\build\wavesabrecore\wavesabrecore.dir\minsizerel\wavesabrecore.tlog\lib-link.write.1.tlog
d:\prog\intro\music\wavesabre\build\wavesabrecore\wavesabrecore.dir\minsizerel\wavesabrecore.tlog\lib.command.1.tlog
