d:\prog\intro\music\wavesabre\build\vsts\minsizerel\cathedral.lib
d:\prog\intro\music\wavesabre\build\vsts\minsizerel\cathedral.exp
d:\prog\intro\music\wavesabre\build\vsts\cathedral.dir\minsizerel\vc142.pdb
d:\prog\intro\music\wavesabre\build\vsts\cathedral.dir\minsizerel\cathedralvst.obj
d:\prog\intro\music\wavesabre\build\vsts\cathedral.dir\minsizerel\cathedraleditor.obj
d:\prog\intro\music\wavesabre\build\vsts\cmakefiles\generate.stamp
d:\prog\intro\music\wavesabre\build\vsts\minsizerel\cathedral.dll
d:\prog\intro\music\wavesabre\build\vsts\cathedral.dir\minsizerel\cathedral.iobj
d:\prog\intro\music\wavesabre\build\vsts\cathedral.dir\minsizerel\data.res
d:\prog\intro\music\wavesabre\build\vsts\cathedral.dir\minsizerel\cathedral.tlog\cathedral.write.1u.tlog
d:\prog\intro\music\wavesabre\build\vsts\cathedral.dir\minsizerel\cathedral.tlog\cl.command.1.tlog
d:\prog\intro\music\wavesabre\build\vsts\cathedral.dir\minsizerel\cathedral.tlog\cl.read.1.tlog
d:\prog\intro\music\wavesabre\build\vsts\cathedral.dir\minsizerel\cathedral.tlog\cl.write.1.tlog
d:\prog\intro\music\wavesabre\build\vsts\cathedral.dir\minsizerel\cathedral.tlog\custombuild.command.1.tlog
d:\prog\intro\music\wavesabre\build\vsts\cathedral.dir\minsizerel\cathedral.tlog\custombuild.read.1.tlog
d:\prog\intro\music\wavesabre\build\vsts\cathedral.dir\minsizerel\cathedral.tlog\custombuild.write.1.tlog
d:\prog\intro\music\wavesabre\build\vsts\cathedral.dir\minsizerel\cathedral.tlog\link.command.1.tlog
d:\prog\intro\music\wavesabre\build\vsts\cathedral.dir\minsizerel\cathedral.tlog\link.read.1.tlog
d:\prog\intro\music\wavesabre\build\vsts\cathedral.dir\minsizerel\cathedral.tlog\link.write.1.tlog
d:\prog\intro\music\wavesabre\build\vsts\cathedral.dir\minsizerel\cathedral.tlog\rc.command.1.tlog
d:\prog\intro\music\wavesabre\build\vsts\cathedral.dir\minsizerel\cathedral.tlog\rc.read.1.tlog
d:\prog\intro\music\wavesabre\build\vsts\cathedral.dir\minsizerel\cathedral.tlog\rc.write.1.tlog
