d:\prog\intro\music\wavesabre\build\wavesabrevstlib\wavesabrevstlib.dir\minsizerel\vstplug.obj
d:\prog\intro\music\wavesabre\build\wavesabrevstlib\wavesabrevstlib.dir\minsizerel\vsteditor.obj
d:\prog\intro\music\wavesabre\build\wavesabrevstlib\wavesabrevstlib.dir\minsizerel\notextcoptionmenu.obj
d:\prog\intro\music\wavesabre\build\wavesabrevstlib\wavesabrevstlib.dir\minsizerel\imagemanager.obj
d:\prog\intro\music\wavesabre\build\wavesabrevstlib\wavesabrevstlib.dir\minsizerel\vstguidebug.obj
d:\prog\intro\music\wavesabre\build\wavesabrevstlib\wavesabrevstlib.dir\minsizerel\vstcontrols.obj
d:\prog\intro\music\wavesabre\build\wavesabrevstlib\wavesabrevstlib.dir\minsizerel\cfileselector.obj
d:\prog\intro\music\wavesabre\build\wavesabrevstlib\wavesabrevstlib.dir\minsizerel\aeffguieditor.obj
d:\prog\intro\music\wavesabre\build\wavesabrevstlib\wavesabrevstlib.dir\minsizerel\vstplugmain.obj
d:\prog\intro\music\wavesabre\build\wavesabrevstlib\wavesabrevstlib.dir\minsizerel\audioeffectx.obj
d:\prog\intro\music\wavesabre\build\wavesabrevstlib\wavesabrevstlib.dir\minsizerel\audioeffect.obj
d:\prog\intro\music\wavesabre\build\wavesabrevstlib\wavesabrevstlib.dir\minsizerel\crc32.obj
d:\prog\intro\music\wavesabre\build\wavesabrevstlib\wavesabrevstlib.dir\minsizerel\compress.obj
d:\prog\intro\music\wavesabre\build\wavesabrevstlib\wavesabrevstlib.dir\minsizerel\adler32.obj
d:\prog\intro\music\wavesabre\build\wavesabrevstlib\wavesabrevstlib.dir\minsizerel\pngwutil.obj
d:\prog\intro\music\wavesabre\build\wavesabrevstlib\wavesabrevstlib.dir\minsizerel\pngwtran.obj
d:\prog\intro\music\wavesabre\build\wavesabrevstlib\wavesabrevstlib.dir\minsizerel\pngwrite.obj
d:\prog\intro\music\wavesabre\build\wavesabrevstlib\wavesabrevstlib.dir\minsizerel\pngwio.obj
d:\prog\intro\music\wavesabre\build\wavesabrevstlib\wavesabrevstlib.dir\minsizerel\pngvcrd.obj
d:\prog\intro\music\wavesabre\build\wavesabrevstlib\wavesabrevstlib.dir\minsizerel\pngtrans.obj
d:\prog\intro\music\wavesabre\build\wavesabrevstlib\wavesabrevstlib.dir\minsizerel\pngset.obj
d:\prog\intro\music\wavesabre\build\wavesabrevstlib\wavesabrevstlib.dir\minsizerel\pngrutil.obj
d:\prog\intro\music\wavesabre\build\wavesabrevstlib\wavesabrevstlib.dir\minsizerel\pngrtran.obj
d:\prog\intro\music\wavesabre\build\wavesabrevstlib\wavesabrevstlib.dir\minsizerel\pngrio.obj
d:\prog\intro\music\wavesabre\build\wavesabrevstlib\wavesabrevstlib.dir\minsizerel\pngread.obj
d:\prog\intro\music\wavesabre\build\wavesabrevstlib\wavesabrevstlib.dir\minsizerel\pngpread.obj
d:\prog\intro\music\wavesabre\build\wavesabrevstlib\wavesabrevstlib.dir\minsizerel\pngmem.obj
d:\prog\intro\music\wavesabre\build\wavesabrevstlib\wavesabrevstlib.dir\minsizerel\pngget.obj
d:\prog\intro\music\wavesabre\build\wavesabrevstlib\wavesabrevstlib.dir\minsizerel\pnggccrd.obj
d:\prog\intro\music\wavesabre\build\wavesabrevstlib\wavesabrevstlib.dir\minsizerel\pngerror.obj
d:\prog\intro\music\wavesabre\build\wavesabrevstlib\wavesabrevstlib.dir\minsizerel\png.obj
d:\prog\intro\music\wavesabre\build\wavesabrevstlib\wavesabrevstlib.dir\minsizerel\zutil.obj
d:\prog\intro\music\wavesabre\build\wavesabrevstlib\wavesabrevstlib.dir\minsizerel\uncompr.obj
d:\prog\intro\music\wavesabre\build\wavesabrevstlib\wavesabrevstlib.dir\minsizerel\trees.obj
d:\prog\intro\music\wavesabre\build\wavesabrevstlib\wavesabrevstlib.dir\minsizerel\inftrees.obj
d:\prog\intro\music\wavesabre\build\wavesabrevstlib\wavesabrevstlib.dir\minsizerel\inflate.obj
d:\prog\intro\music\wavesabre\build\wavesabrevstlib\wavesabrevstlib.dir\minsizerel\inffast.obj
d:\prog\intro\music\wavesabre\build\wavesabrevstlib\wavesabrevstlib.dir\minsizerel\infback.obj
d:\prog\intro\music\wavesabre\build\wavesabrevstlib\wavesabrevstlib.dir\minsizerel\gzio.obj
d:\prog\intro\music\wavesabre\build\wavesabrevstlib\wavesabrevstlib.dir\minsizerel\deflate.obj
d:\prog\intro\music\wavesabre\build\wavesabrevstlib\wavesabrevstlib.dir\minsizerel\vstgui.obj
d:\prog\intro\music\wavesabre\build\wavesabrevstlib\wavesabrevstlib.dir\minsizerel\minigzip.obj
d:\prog\intro\music\wavesabre\build\wavesabrevstlib\cmakefiles\generate.stamp
d:\prog\intro\music\wavesabre\build\wavesabrevstlib\minsizerel\wavesabrevstlib.lib
d:\prog\intro\music\wavesabre\build\wavesabrevstlib\wavesabrevstlib.dir\minsizerel\wavesabrevstlib.tlog\cl.command.1.tlog
d:\prog\intro\music\wavesabre\build\wavesabrevstlib\wavesabrevstlib.dir\minsizerel\wavesabrevstlib.tlog\cl.read.1.tlog
d:\prog\intro\music\wavesabre\build\wavesabrevstlib\wavesabrevstlib.dir\minsizerel\wavesabrevstlib.tlog\cl.write.1.tlog
d:\prog\intro\music\wavesabre\build\wavesabrevstlib\wavesabrevstlib.dir\minsizerel\wavesabrevstlib.tlog\custombuild.command.1.tlog
d:\prog\intro\music\wavesabre\build\wavesabrevstlib\wavesabrevstlib.dir\minsizerel\wavesabrevstlib.tlog\custombuild.read.1.tlog
d:\prog\intro\music\wavesabre\build\wavesabrevstlib\wavesabrevstlib.dir\minsizerel\wavesabrevstlib.tlog\custombuild.write.1.tlog
d:\prog\intro\music\wavesabre\build\wavesabrevstlib\wavesabrevstlib.dir\minsizerel\wavesabrevstlib.tlog\lib-link.read.1.tlog
d:\prog\intro\music\wavesabre\build\wavesabrevstlib\wavesabrevstlib.dir\minsizerel\wavesabrevstlib.tlog\lib-link.write.1.tlog
d:\prog\intro\music\wavesabre\build\wavesabrevstlib\wavesabrevstlib.dir\minsizerel\wavesabrevstlib.tlog\lib.command.1.tlog
