d:\prog\intro\music\wavesabre\build\vsts\twister.dir\minsizerel\vc142.pdb
d:\prog\intro\music\wavesabre\build\vsts\twister.dir\minsizerel\twistervst.obj
d:\prog\intro\music\wavesabre\build\vsts\twister.dir\minsizerel\twistereditor.obj
d:\prog\intro\music\wavesabre\build\vsts\cmakefiles\generate.stamp
d:\prog\intro\music\wavesabre\build\vsts\minsizerel\twister.dll
d:\prog\intro\music\wavesabre\build\vsts\twister.dir\minsizerel\twister.iobj
d:\prog\intro\music\wavesabre\build\vsts\twister.dir\minsizerel\data.res
d:\prog\intro\music\wavesabre\build\vsts\minsizerel\twister.lib
d:\prog\intro\music\wavesabre\build\vsts\minsizerel\twister.exp
d:\prog\intro\music\wavesabre\build\vsts\twister.dir\minsizerel\twister.tlog\cl.command.1.tlog
d:\prog\intro\music\wavesabre\build\vsts\twister.dir\minsizerel\twister.tlog\cl.read.1.tlog
d:\prog\intro\music\wavesabre\build\vsts\twister.dir\minsizerel\twister.tlog\cl.write.1.tlog
d:\prog\intro\music\wavesabre\build\vsts\twister.dir\minsizerel\twister.tlog\custombuild.command.1.tlog
d:\prog\intro\music\wavesabre\build\vsts\twister.dir\minsizerel\twister.tlog\custombuild.read.1.tlog
d:\prog\intro\music\wavesabre\build\vsts\twister.dir\minsizerel\twister.tlog\custombuild.write.1.tlog
d:\prog\intro\music\wavesabre\build\vsts\twister.dir\minsizerel\twister.tlog\link.command.1.tlog
d:\prog\intro\music\wavesabre\build\vsts\twister.dir\minsizerel\twister.tlog\link.read.1.tlog
d:\prog\intro\music\wavesabre\build\vsts\twister.dir\minsizerel\twister.tlog\link.write.1.tlog
d:\prog\intro\music\wavesabre\build\vsts\twister.dir\minsizerel\twister.tlog\rc.command.1.tlog
d:\prog\intro\music\wavesabre\build\vsts\twister.dir\minsizerel\twister.tlog\rc.read.1.tlog
d:\prog\intro\music\wavesabre\build\vsts\twister.dir\minsizerel\twister.tlog\rc.write.1.tlog
d:\prog\intro\music\wavesabre\build\vsts\twister.dir\minsizerel\twister.tlog\twister.write.1u.tlog
