d:\prog\intro\music\wavesabre\build\vsts\minsizerel\adultery.lib
d:\prog\intro\music\wavesabre\build\vsts\minsizerel\adultery.exp
d:\prog\intro\music\wavesabre\build\vsts\adultery.dir\minsizerel\vc142.pdb
d:\prog\intro\music\wavesabre\build\vsts\adultery.dir\minsizerel\adulteryvst.obj
d:\prog\intro\music\wavesabre\build\vsts\adultery.dir\minsizerel\adulteryeditor.obj
d:\prog\intro\music\wavesabre\build\vsts\cmakefiles\generate.stamp
d:\prog\intro\music\wavesabre\build\vsts\minsizerel\adultery.dll
d:\prog\intro\music\wavesabre\build\vsts\adultery.dir\minsizerel\adultery.iobj
d:\prog\intro\music\wavesabre\build\vsts\adultery.dir\minsizerel\data.res
d:\prog\intro\music\wavesabre\build\vsts\adultery.dir\minsizerel\adultery.tlog\adultery.write.1u.tlog
d:\prog\intro\music\wavesabre\build\vsts\adultery.dir\minsizerel\adultery.tlog\cl.command.1.tlog
d:\prog\intro\music\wavesabre\build\vsts\adultery.dir\minsizerel\adultery.tlog\cl.read.1.tlog
d:\prog\intro\music\wavesabre\build\vsts\adultery.dir\minsizerel\adultery.tlog\cl.write.1.tlog
d:\prog\intro\music\wavesabre\build\vsts\adultery.dir\minsizerel\adultery.tlog\custombuild.command.1.tlog
d:\prog\intro\music\wavesabre\build\vsts\adultery.dir\minsizerel\adultery.tlog\custombuild.read.1.tlog
d:\prog\intro\music\wavesabre\build\vsts\adultery.dir\minsizerel\adultery.tlog\custombuild.write.1.tlog
d:\prog\intro\music\wavesabre\build\vsts\adultery.dir\minsizerel\adultery.tlog\link.command.1.tlog
d:\prog\intro\music\wavesabre\build\vsts\adultery.dir\minsizerel\adultery.tlog\link.read.1.tlog
d:\prog\intro\music\wavesabre\build\vsts\adultery.dir\minsizerel\adultery.tlog\link.write.1.tlog
d:\prog\intro\music\wavesabre\build\vsts\adultery.dir\minsizerel\adultery.tlog\rc.command.1.tlog
d:\prog\intro\music\wavesabre\build\vsts\adultery.dir\minsizerel\adultery.tlog\rc.read.1.tlog
d:\prog\intro\music\wavesabre\build\vsts\adultery.dir\minsizerel\adultery.tlog\rc.write.1.tlog
