d:\prog\intro\music\wavesabre\build\vsts\echo.dir\minsizerel\vc142.pdb
d:\prog\intro\music\wavesabre\build\vsts\echo.dir\minsizerel\echovst.obj
d:\prog\intro\music\wavesabre\build\vsts\echo.dir\minsizerel\echoeditor.obj
d:\prog\intro\music\wavesabre\build\vsts\cmakefiles\generate.stamp
d:\prog\intro\music\wavesabre\build\vsts\minsizerel\echo.lib
d:\prog\intro\music\wavesabre\build\vsts\minsizerel\echo.exp
d:\prog\intro\music\wavesabre\build\vsts\minsizerel\echo.dll
d:\prog\intro\music\wavesabre\build\vsts\echo.dir\minsizerel\echo.iobj
d:\prog\intro\music\wavesabre\build\vsts\echo.dir\minsizerel\data.res
d:\prog\intro\music\wavesabre\build\vsts\echo.dir\minsizerel\echo.tlog\cl.command.1.tlog
d:\prog\intro\music\wavesabre\build\vsts\echo.dir\minsizerel\echo.tlog\cl.read.1.tlog
d:\prog\intro\music\wavesabre\build\vsts\echo.dir\minsizerel\echo.tlog\cl.write.1.tlog
d:\prog\intro\music\wavesabre\build\vsts\echo.dir\minsizerel\echo.tlog\custombuild.command.1.tlog
d:\prog\intro\music\wavesabre\build\vsts\echo.dir\minsizerel\echo.tlog\custombuild.read.1.tlog
d:\prog\intro\music\wavesabre\build\vsts\echo.dir\minsizerel\echo.tlog\custombuild.write.1.tlog
d:\prog\intro\music\wavesabre\build\vsts\echo.dir\minsizerel\echo.tlog\echo.write.1u.tlog
d:\prog\intro\music\wavesabre\build\vsts\echo.dir\minsizerel\echo.tlog\link.command.1.tlog
d:\prog\intro\music\wavesabre\build\vsts\echo.dir\minsizerel\echo.tlog\link.read.1.tlog
d:\prog\intro\music\wavesabre\build\vsts\echo.dir\minsizerel\echo.tlog\link.write.1.tlog
d:\prog\intro\music\wavesabre\build\vsts\echo.dir\minsizerel\echo.tlog\rc.command.1.tlog
d:\prog\intro\music\wavesabre\build\vsts\echo.dir\minsizerel\echo.tlog\rc.read.1.tlog
d:\prog\intro\music\wavesabre\build\vsts\echo.dir\minsizerel\echo.tlog\rc.write.1.tlog
