d:\prog\intro\music\wavesabre\build\vsts\specimen.dir\minsizerel\vc142.pdb
d:\prog\intro\music\wavesabre\build\vsts\specimen.dir\minsizerel\specimenvst.obj
d:\prog\intro\music\wavesabre\build\vsts\specimen.dir\minsizerel\specimeneditor.obj
d:\prog\intro\music\wavesabre\build\vsts\cmakefiles\generate.stamp
d:\prog\intro\music\wavesabre\build\vsts\minsizerel\specimen.dll
d:\prog\intro\music\wavesabre\build\vsts\specimen.dir\minsizerel\specimen.iobj
d:\prog\intro\music\wavesabre\build\vsts\specimen.dir\minsizerel\data.res
d:\prog\intro\music\wavesabre\build\vsts\minsizerel\specimen.lib
d:\prog\intro\music\wavesabre\build\vsts\minsizerel\specimen.exp
d:\prog\intro\music\wavesabre\build\vsts\specimen.dir\minsizerel\specimen.tlog\cl.command.1.tlog
d:\prog\intro\music\wavesabre\build\vsts\specimen.dir\minsizerel\specimen.tlog\cl.read.1.tlog
d:\prog\intro\music\wavesabre\build\vsts\specimen.dir\minsizerel\specimen.tlog\cl.write.1.tlog
d:\prog\intro\music\wavesabre\build\vsts\specimen.dir\minsizerel\specimen.tlog\custombuild.command.1.tlog
d:\prog\intro\music\wavesabre\build\vsts\specimen.dir\minsizerel\specimen.tlog\custombuild.read.1.tlog
d:\prog\intro\music\wavesabre\build\vsts\specimen.dir\minsizerel\specimen.tlog\custombuild.write.1.tlog
d:\prog\intro\music\wavesabre\build\vsts\specimen.dir\minsizerel\specimen.tlog\link.command.1.tlog
d:\prog\intro\music\wavesabre\build\vsts\specimen.dir\minsizerel\specimen.tlog\link.read.1.tlog
d:\prog\intro\music\wavesabre\build\vsts\specimen.dir\minsizerel\specimen.tlog\link.write.1.tlog
d:\prog\intro\music\wavesabre\build\vsts\specimen.dir\minsizerel\specimen.tlog\rc.command.1.tlog
d:\prog\intro\music\wavesabre\build\vsts\specimen.dir\minsizerel\specimen.tlog\rc.read.1.tlog
d:\prog\intro\music\wavesabre\build\vsts\specimen.dir\minsizerel\specimen.tlog\rc.write.1.tlog
d:\prog\intro\music\wavesabre\build\vsts\specimen.dir\minsizerel\specimen.tlog\specimen.write.1u.tlog
